<?xml version="1.0" encoding="UTF-8"?>
<!-- Generated by org.testng.reporters.JUnitXMLReporter -->
<testsuite hostname="LNLA002P3014" ignored="0" name="Test" tests="4" failures="0" timestamp="12 Apr 2020 06:30:13 GMT" time="0.122" errors="0">
  <testcase name="fourthmethod" time="0.032" classname="MavenPackage.MavenProject.Mavenclass2Test"/>
  <testcase name="thirdmethod" time="0.0" classname="MavenPackage.MavenProject.Mavenclass2Test"/>
  <testcase name="firstmethod" time="0.004" classname="MavenPackage.MavenProject.Mavenclass1Test"/>
  <testcase name="secondmethod" time="0.0" classname="MavenPackage.MavenProject.Mavenclass1Test"/>
</testsuite> <!-- Test -->
